{"message":"cannot find derive macro `Serialize` in this scope","code":null,"level":"error","spans":[{"file_name":"src/main.rs","byte_start":431,"byte_end":440,"line_start":9,"line_end":9,"column_start":33,"column_end":42,"is_primary":true,"text":[{"text":"#[derive(Debug, Clone, Default, Serialize, Deserialize)]","highlight_start":33,"highlight_end":42}],"label":null,"suggested_replacement":null,"suggestion_applicability":null,"expansion":null}],"children":[{"message":"`Serialize` is imported here, but it is only a trait, without a derive macro","code":null,"level":"note","spans":[{"file_name":"src/main.rs","byte_start":68,"byte_end":77,"line_start":2,"line_end":2,"column_start":26,"column_end":35,"is_primary":true,"text":[{"text":"use serde::{Deserialize, Serialize};","highlight_start":26,"highlight_end":35}],"label":null,"suggested_replacement":null,"suggestion_applicability":null,"expansion":null}],"children":[],"rendered":null}],"rendered":"\u001b[0m\u001b[1m\u001b[38;5;9merror\u001b[0m\u001b[0m\u001b[1m: cannot find derive macro `Serialize` in this scope\u001b[0m\n\u001b[0m \u001b[0m\u001b[0m\u001b[1m\u001b[38;5;12m--> \u001b[0m\u001b[0msrc/main.rs:9:33\u001b[0m\n\u001b[0m  \u001b[0m\u001b[0m\u001b[1m\u001b[38;5;12m|\u001b[0m\n\u001b[0m\u001b[1m\u001b[38;5;12m9\u001b[0m\u001b[0m \u001b[0m\u001b[0m\u001b[1m\u001b[38;5;12m|\u001b[0m\u001b[0m \u001b[0m\u001b[0m#[derive(Debug, Clone, Default, Serialize, Deserialize)]\u001b[0m\n\u001b[0m  \u001b[0m\u001b[0m\u001b[1m\u001b[38;5;12m| \u001b[0m\u001b[0m                                \u001b[0m\u001b[0m\u001b[1m\u001b[38;5;9m^^^^^^^^^\u001b[0m\n\u001b[0m  \u001b[0m\u001b[0m\u001b[1m\u001b[38;5;12m|\u001b[0m\n\u001b[0m\u001b[1m\u001b[38;5;10mnote\u001b[0m\u001b[0m: `Serialize` is imported here, but it is only a trait, without a derive macro\u001b[0m\n\u001b[0m \u001b[0m\u001b[0m\u001b[1m\u001b[38;5;12m--> \u001b[0m\u001b[0msrc/main.rs:2:26\u001b[0m\n\u001b[0m  \u001b[0m\u001b[0m\u001b[1m\u001b[38;5;12m|\u001b[0m\n\u001b[0m\u001b[1m\u001b[38;5;12m2\u001b[0m\u001b[0m \u001b[0m\u001b[0m\u001b[1m\u001b[38;5;12m|\u001b[0m\u001b[0m \u001b[0m\u001b[0muse serde::{Deserialize, Serialize};\u001b[0m\n\u001b[0m  \u001b[0m\u001b[0m\u001b[1m\u001b[38;5;12m| \u001b[0m\u001b[0m                         \u001b[0m\u001b[0m\u001b[1m\u001b[38;5;10m^^^^^^^^^\u001b[0m\n\n"}
{"message":"cannot find derive macro `Deserialize` in this scope","code":null,"level":"error","spans":[{"file_name":"src/main.rs","byte_start":442,"byte_end":453,"line_start":9,"line_end":9,"column_start":44,"column_end":55,"is_primary":true,"text":[{"text":"#[derive(Debug, Clone, Default, Serialize, Deserialize)]","highlight_start":44,"highlight_end":55}],"label":null,"suggested_replacement":null,"suggestion_applicability":null,"expansion":null}],"children":[{"message":"`Deserialize` is imported here, but it is only a trait, without a derive macro","code":null,"level":"note","spans":[{"file_name":"src/main.rs","byte_start":55,"byte_end":66,"line_start":2,"line_end":2,"column_start":13,"column_end":24,"is_primary":true,"text":[{"text":"use serde::{Deserialize, Serialize};","highlight_start":13,"highlight_end":24}],"label":null,"suggested_replacement":null,"suggestion_applicability":null,"expansion":null}],"children":[],"rendered":null}],"rendered":"\u001b[0m\u001b[1m\u001b[38;5;9merror\u001b[0m\u001b[0m\u001b[1m: cannot find derive macro `Deserialize` in this scope\u001b[0m\n\u001b[0m \u001b[0m\u001b[0m\u001b[1m\u001b[38;5;12m--> \u001b[0m\u001b[0msrc/main.rs:9:44\u001b[0m\n\u001b[0m  \u001b[0m\u001b[0m\u001b[1m\u001b[38;5;12m|\u001b[0m\n\u001b[0m\u001b[1m\u001b[38;5;12m9\u001b[0m\u001b[0m \u001b[0m\u001b[0m\u001b[1m\u001b[38;5;12m|\u001b[0m\u001b[0m \u001b[0m\u001b[0m#[derive(Debug, Clone, Default, Serialize, Deserialize)]\u001b[0m\n\u001b[0m  \u001b[0m\u001b[0m\u001b[1m\u001b[38;5;12m| \u001b[0m\u001b[0m                                           \u001b[0m\u001b[0m\u001b[1m\u001b[38;5;9m^^^^^^^^^^^\u001b[0m\n\u001b[0m  \u001b[0m\u001b[0m\u001b[1m\u001b[38;5;12m|\u001b[0m\n\u001b[0m\u001b[1m\u001b[38;5;10mnote\u001b[0m\u001b[0m: `Deserialize` is imported here, but it is only a trait, without a derive macro\u001b[0m\n\u001b[0m \u001b[0m\u001b[0m\u001b[1m\u001b[38;5;12m--> \u001b[0m\u001b[0msrc/main.rs:2:13\u001b[0m\n\u001b[0m  \u001b[0m\u001b[0m\u001b[1m\u001b[38;5;12m|\u001b[0m\n\u001b[0m\u001b[1m\u001b[38;5;12m2\u001b[0m\u001b[0m \u001b[0m\u001b[0m\u001b[1m\u001b[38;5;12m|\u001b[0m\u001b[0m \u001b[0m\u001b[0muse serde::{Deserialize, Serialize};\u001b[0m\n\u001b[0m  \u001b[0m\u001b[0m\u001b[1m\u001b[38;5;12m| \u001b[0m\u001b[0m            \u001b[0m\u001b[0m\u001b[1m\u001b[38;5;10m^^^^^^^^^^^\u001b[0m\n\n"}
{"message":"cannot find type `Column` in this scope","code":{"code":"E0412","explanation":"A used type name is not in scope.\n\nErroneous code examples:\n\n```compile_fail,E0412\nimpl Something {} // error: type name `Something` is not in scope\n\n// or:\n\ntrait Foo {\n    fn bar(N); // error: type name `N` is not in scope\n}\n\n// or:\n\nfn foo(x: T) {} // type name `T` is not in scope\n```\n\nTo fix this error, please verify you didn't misspell the type name, you did\ndeclare it or imported it into the scope. Examples:\n\n```\nstruct Something;\n\nimpl Something {} // ok!\n\n// or:\n\ntrait Foo {\n    type N;\n\n    fn bar(_: Self::N); // ok!\n}\n\n// or:\n\nfn foo<T>(x: T) {} // ok!\n```\n\nAnother case that causes this error is when a type is imported into a parent\nmodule. To fix this, you can follow the suggestion and use File directly or\n`use super::File;` which will import the types from the parent namespace. An\nexample that causes this error is below:\n\n```compile_fail,E0412\nuse std::fs::File;\n\nmod foo {\n    fn some_function(f: File) {}\n}\n```\n\n```\nuse std::fs::File;\n\nmod foo {\n    // either\n    use super::File;\n    // or\n    // use std::fs::File;\n    fn foo(f: File) {}\n}\n# fn main() {} // don't insert it for us; that'll break imports\n```\n"},"level":"error","spans":[{"file_name":"src/main.rs","byte_start":390,"byte_end":396,"line_start":8,"line_end":8,"column_start":23,"column_end":29,"is_primary":true,"text":[{"text":"type ColumnInfo = Vec<Column>;","highlight_start":23,"highlight_end":29}],"label":"not found in this scope","suggested_replacement":null,"suggestion_applicability":null,"expansion":null}],"children":[{"message":"you might be missing a type parameter","code":null,"level":"help","spans":[{"file_name":"src/main.rs","byte_start":383,"byte_end":383,"line_start":8,"line_end":8,"column_start":16,"column_end":16,"is_primary":true,"text":[{"text":"type ColumnInfo = Vec<Column>;","highlight_start":16,"highlight_end":16}],"label":null,"suggested_replacement":"<Column>","suggestion_applicability":"MaybeIncorrect","expansion":null}],"children":[],"rendered":null}],"rendered":"\u001b[0m\u001b[1m\u001b[38;5;9merror[E0412]\u001b[0m\u001b[0m\u001b[1m: cannot find type `Column` in this scope\u001b[0m\n\u001b[0m \u001b[0m\u001b[0m\u001b[1m\u001b[38;5;12m--> \u001b[0m\u001b[0msrc/main.rs:8:23\u001b[0m\n\u001b[0m  \u001b[0m\u001b[0m\u001b[1m\u001b[38;5;12m|\u001b[0m\n\u001b[0m\u001b[1m\u001b[38;5;12m8\u001b[0m\u001b[0m \u001b[0m\u001b[0m\u001b[1m\u001b[38;5;12m|\u001b[0m\u001b[0m \u001b[0m\u001b[0mtype ColumnInfo = Vec<Column>;\u001b[0m\n\u001b[0m  \u001b[0m\u001b[0m\u001b[1m\u001b[38;5;12m| \u001b[0m\u001b[0m               \u001b[0m\u001b[0m\u001b[1m\u001b[38;5;12m-\u001b[0m\u001b[0m      \u001b[0m\u001b[0m\u001b[1m\u001b[38;5;9m^^^^^^\u001b[0m\u001b[0m \u001b[0m\u001b[0m\u001b[1m\u001b[38;5;9mnot found in this scope\u001b[0m\n\u001b[0m  \u001b[0m\u001b[0m\u001b[1m\u001b[38;5;12m| \u001b[0m\u001b[0m               \u001b[0m\u001b[0m\u001b[1m\u001b[38;5;12m|\u001b[0m\n\u001b[0m  \u001b[0m\u001b[0m\u001b[1m\u001b[38;5;12m| \u001b[0m\u001b[0m               \u001b[0m\u001b[0m\u001b[1m\u001b[38;5;12mhelp: you might be missing a type parameter: `<Column>`\u001b[0m\n\n"}
{"message":"type annotations needed","code":{"code":"E0283","explanation":"An implementation cannot be chosen unambiguously because of lack of information.\n\nErroneous code example:\n\n```compile_fail,E0283\nstruct Foo;\n\nimpl Into<u32> for Foo {\n    fn into(self) -> u32 { 1 }\n}\n\nlet foo = Foo;\nlet bar: u32 = foo.into() * 1u32;\n```\n\nThis error can be solved by adding type annotations that provide the missing\ninformation to the compiler. In this case, the solution is to specify the\ntrait's type parameter:\n\n```\nstruct Foo;\n\nimpl Into<u32> for Foo {\n    fn into(self) -> u32 { 1 }\n}\n\nlet foo = Foo;\nlet bar: u32 = Into::<u32>::into(foo) * 1u32;\n```\n"},"level":"error","spans":[{"file_name":"src/main.rs","byte_start":595,"byte_end":614,"line_start":14,"line_end":14,"column_start":5,"column_end":24,"is_primary":true,"text":[{"text":"    columns: ColumnInfo,","highlight_start":5,"highlight_end":24}],"label":"cannot infer type","suggested_replacement":null,"suggestion_applicability":null,"expansion":{"span":{"file_name":"src/main.rs","byte_start":422,"byte_end":429,"line_start":9,"line_end":9,"column_start":24,"column_end":31,"is_primary":false,"text":[{"text":"#[derive(Debug, Clone, Default, Serialize, Deserialize)]","highlight_start":24,"highlight_end":31}],"label":null,"suggested_replacement":null,"suggestion_applicability":null,"expansion":null},"macro_decl_name":"#[derive(Default)]","def_site_span":{"file_name":"/home/khan/.rustup/toolchains/stable-x86_64-unknown-linux-gnu/lib/rustlib/src/rust/library/core/src/default.rs","byte_start":4374,"byte_end":4391,"line_start":186,"line_end":186,"column_start":1,"column_end":18,"is_primary":false,"text":[{"text":"pub macro Default($item:item) {","highlight_start":1,"highlight_end":18}],"label":null,"suggested_replacement":null,"suggestion_applicability":null,"expansion":null}}}],"children":[{"message":"cannot satisfy `_: Default`","code":null,"level":"note","spans":[],"children":[],"rendered":null}],"rendered":"\u001b[0m\u001b[1m\u001b[38;5;9merror[E0283]\u001b[0m\u001b[0m\u001b[1m: type annotations needed\u001b[0m\n\u001b[0m  \u001b[0m\u001b[0m\u001b[1m\u001b[38;5;12m--> \u001b[0m\u001b[0msrc/main.rs:14:5\u001b[0m\n\u001b[0m   \u001b[0m\u001b[0m\u001b[1m\u001b[38;5;12m|\u001b[0m\n\u001b[0m\u001b[1m\u001b[38;5;12m9\u001b[0m\u001b[0m  \u001b[0m\u001b[0m\u001b[1m\u001b[38;5;12m|\u001b[0m\u001b[0m \u001b[0m\u001b[0m#[derive(Debug, Clone, Default, Serialize, Deserialize)]\u001b[0m\n\u001b[0m   \u001b[0m\u001b[0m\u001b[1m\u001b[38;5;12m| \u001b[0m\u001b[0m                       \u001b[0m\u001b[0m\u001b[1m\u001b[38;5;12m-------\u001b[0m\u001b[0m \u001b[0m\u001b[0m\u001b[1m\u001b[38;5;12min this derive macro expansion\u001b[0m\n\u001b[0m\u001b[1m\u001b[38;5;12m...\u001b[0m\n\u001b[0m\u001b[1m\u001b[38;5;12m14\u001b[0m\u001b[0m \u001b[0m\u001b[0m\u001b[1m\u001b[38;5;12m|\u001b[0m\u001b[0m \u001b[0m\u001b[0m    columns: ColumnInfo,\u001b[0m\n\u001b[0m   \u001b[0m\u001b[0m\u001b[1m\u001b[38;5;12m| \u001b[0m\u001b[0m    \u001b[0m\u001b[0m\u001b[1m\u001b[38;5;9m^^^^^^^^^^^^^^^^^^^\u001b[0m\u001b[0m \u001b[0m\u001b[0m\u001b[1m\u001b[38;5;9mcannot infer type\u001b[0m\n\u001b[0m   \u001b[0m\u001b[0m\u001b[1m\u001b[38;5;12m|\u001b[0m\n\u001b[0m   \u001b[0m\u001b[0m\u001b[1m\u001b[38;5;12m= \u001b[0m\u001b[0m\u001b[1mnote\u001b[0m\u001b[0m: cannot satisfy `_: Default`\u001b[0m\n\u001b[0m   \u001b[0m\u001b[0m\u001b[1m\u001b[38;5;12m= \u001b[0m\u001b[0m\u001b[1mnote\u001b[0m\u001b[0m: this error originates in the derive macro `Default` (in Nightly builds, run with -Z macro-backtrace for more info)\u001b[0m\n\n"}
{"message":"aborting due to 4 previous errors","code":null,"level":"error","spans":[],"children":[],"rendered":"\u001b[0m\u001b[1m\u001b[38;5;9merror\u001b[0m\u001b[0m\u001b[1m: aborting due to 4 previous errors\u001b[0m\n\n"}
{"message":"Some errors have detailed explanations: E0283, E0412.","code":null,"level":"failure-note","spans":[],"children":[],"rendered":"\u001b[0m\u001b[1mSome errors have detailed explanations: E0283, E0412.\u001b[0m\n"}
{"message":"For more information about an error, try `rustc --explain E0283`.","code":null,"level":"failure-note","spans":[],"children":[],"rendered":"\u001b[0m\u001b[1mFor more information about an error, try `rustc --explain E0283`.\u001b[0m\n"}
